ffmpeg started on 2025-04-28 at 21:49:40
Report written to "ffmpeg-20250428-214940.log"
Log level: 48
Command line:
"C:\\FFmpeg\\ffmpeg-master-latest-win64-gpl\\bin\\ffmpeg.EXE" -ss 0 -i "C:\\Users\\ghesa\\Desktop\\VideoEditor\\video-editor\\temp.mp4" -y -t 3 -vf "hue=h=0,eq=saturation=1:contrast=1:brightness=0,drawtext=text='':fontfile=C:\\Users\\ghesa\\Desktop\\VideoEditor\\video-editor\\fonts\\Arial.ttf:fontcolor=ffffff:fontsize=48:x=(w-text_w)*0.5:y=(h-text_h)*0.5" -c:v libx264 -report "C:\\Users\\ghesa\\Desktop\\VideoEditor\\video-editor\\output\\output.mp4"
ffmpeg version N-117968-g1e3dc705df-20241201 Copyright (c) 2000-2024 the FFmpeg developers
  built with gcc 14.2.0 (crosstool-NG 1.26.0.120_4d36f27)
  configuration: --prefix=/ffbuild/prefix --pkg-config-flags=--static --pkg-config=pkg-config --cross-prefix=x86_64-w64-mingw32- --arch=x86_64 --target-os=mingw32 --enable-gpl --enable-version3 --disable-debug --disable-w32threads --enable-pthreads --enable-iconv --enable-zlib --enable-libfreetype --enable-libfribidi --enable-gmp --enable-libxml2 --enable-lzma --enable-fontconfig --enable-libharfbuzz --enable-libvorbis --enable-opencl --disable-libpulse --enable-libvmaf --disable-libxcb --disable-xlib --enable-amf --enable-libaom --enable-libaribb24 --enable-avisynth --enable-chromaprint --enable-libdav1d --enable-libdavs2 --enable-libdvdread --enable-libdvdnav --disable-libfdk-aac --enable-ffnvcodec --enable-cuda-llvm --enable-frei0r --enable-libgme --enable-libkvazaar --enable-libaribcaption --enable-libass --enable-libbluray --enable-libjxl --enable-libmp3lame --enable-libopus --enable-librist --enable-libssh --enable-libtheora --enable-libvpx --enable-libwebp --enable-libzmq --enable-lv2 --enable-libvpl   libavutil      59. 47.101 / 59. 47.101
  libavcodec     61. 26.100 / 61. 26.100
  libavformat    61.  9.100 / 61.  9.100
  libavdevice    61.  4.100 / 61.  4.100
  libavfilter    10.  6.101 / 10.  6.101
  libswscale      8. 12.100 /  8. 12.100
  libswresample   5.  4.100 /  5.  4.100
  libpostproc    58.  4.100 / 58.  4.100
Splitting the commandline.
Reading option '-ss' ... matched as option 'ss' (start transcoding at specified time) with argument '0'.
Reading option '-i' ... matched as input url with argument 'C:\Users\ghesa\Desktop\VideoEditor\video-editor\temp.mp4'.
Reading option '-y' ... matched as option 'y' (overwrite output files) with argument '1'.
Reading option '-t' ... matched as option 't' (stop transcoding after specified duration) with argument '3'.
Reading option '-vf' ... matched as option 'vf' (alias for -filter:v (apply filters to video streams)) with argument 'hue=h=0,eq=saturation=1:contrast=1:brightness=0,drawtext=text='':fontfile=C:\Users\ghesa\Desktop\VideoEditor\video-editor\fonts\Arial.ttf:fontcolor=ffffff:fontsize=48:x=(w-text_w)*0.5:y=(h-text_h)*0.5'.
Reading option '-c:v' ... matched as option 'c' (select encoder/decoder ('copy' to copy stream without reencoding)) with argument 'libx264'.
Reading option '-report' ... matched as option 'report' (generate a report) with argument '1'.
Reading option 'C:\Users\ghesa\Desktop\VideoEditor\video-editor\output\output.mp4' ... matched as output url.
Finished splitting the commandline.
Parsing a group of options: global .
Applying option y (overwrite output files) with argument 1.
Applying option report (generate a report) with argument 1.
Successfully parsed a group of options.
Parsing a group of options: input url C:\Users\ghesa\Desktop\VideoEditor\video-editor\temp.mp4.
Applying option ss (start transcoding at specified time) with argument 0.
Successfully parsed a group of options.
Opening an input file: C:\Users\ghesa\Desktop\VideoEditor\video-editor\temp.mp4.
[AVFormatContext @ 000001b27bc4a700] Opening 'C:\Users\ghesa\Desktop\VideoEditor\video-editor\temp.mp4' for reading
[file @ 000001b27bc4bb40] Setting default whitelist 'file,crypto,data'
[mov,mp4,m4a,3gp,3g2,mj2 @ 000001b27bc4a700] Format mov,mp4,m4a,3gp,3g2,mj2 probed with size=2048 and score=100
[mov,mp4,m4a,3gp,3g2,mj2 @ 000001b27bc4a700] ISO: File Type Major Brand: mp42
[mov,mp4,m4a,3gp,3g2,mj2 @ 000001b27bc4a700] Unknown dref type 0x206c7275 size 12
[mov,mp4,m4a,3gp,3g2,mj2 @ 000001b27bc4a700] Processing st: 0, edit list 0 - media time: 2, duration: 508
[mov,mp4,m4a,3gp,3g2,mj2 @ 000001b27bc4a700] Offset DTS by 2 to make first pts zero.
[mov,mp4,m4a,3gp,3g2,mj2 @ 000001b27bc4a700] Setting codecpar->delay to 2 for stream st: 0
[mov,mp4,m4a,3gp,3g2,mj2 @ 000001b27bc4a700] Before avformat_find_stream_info() pos: 7557 bytes read:32768 seeks:0 nb_streams:1
[h264 @ 000001b27bc4cd80] nal_unit_type: 7(SPS), nal_ref_idc: 3
[h264 @ 000001b27bc4cd80] Decoding VUI
[h264 @ 000001b27bc4cd80] nal_unit_type: 8(PPS), nal_ref_idc: 3
[h264 @ 000001b27bc4cd80] nal_unit_type: 7(SPS), nal_ref_idc: 3
[h264 @ 000001b27bc4cd80] Decoding VUI
[h264 @ 000001b27bc4cd80] nal_unit_type: 8(PPS), nal_ref_idc: 3
[h264 @ 000001b27bc4cd80] nal_unit_type: 6(SEI), nal_ref_idc: 0
[h264 @ 000001b27bc4cd80] nal_unit_type: 5(IDR), nal_ref_idc: 3
[h264 @ 000001b27bc4cd80] Format yuv420p chosen by get_format().
[h264 @ 000001b27bc4cd80] Reinit context to 1920x1088, pix_fmt: yuv420p
[h264 @ 000001b27bc4cd80] no picture 
[mov,mp4,m4a,3gp,3g2,mj2 @ 000001b27bc4a700] All info found
[mov,mp4,m4a,3gp,3g2,mj2 @ 000001b27bc4a700] After avformat_find_stream_info() pos: 370503 bytes read:370503 seeks:0 frames:1
Input #0, mov,mp4,m4a,3gp,3g2,mj2, from 'C:\Users\ghesa\Desktop\VideoEditor\video-editor\temp.mp4':
  Metadata:
    major_brand     : mp42
    minor_version   : 0
    compatible_brands: mp42mp41isomavc1
    creation_time   : 2021-07-16T20:04:01.000000Z
  Duration: 00:00:16.93, start: 0.000000, bitrate: 5316 kb/s
  Stream #0:0[0x1](und), 1, 1/30: Video: h264 (High) (avc1 / 0x31637661), yuv420p(tv, bt709, progressive), 1920x1080, 5313 kb/s, 30 fps, 30 tbr, 30 tbn (default)
    Metadata:
      creation_time   : 2021-07-16T20:04:01.000000Z
      handler_name    : L-SMASH Video Handler
      vendor_id       : [0][0][0][0]
      encoder         : AVC Coding
Successfully opened the file.
Parsing a group of options: output url C:\Users\ghesa\Desktop\VideoEditor\video-editor\output\output.mp4.
Applying option t (stop transcoding after specified duration) with argument 3.
Applying option vf (alias for -filter:v (apply filters to video streams)) with argument hue=h=0,eq=saturation=1:contrast=1:brightness=0,drawtext=text='':fontfile=C:\Users\ghesa\Desktop\VideoEditor\video-editor\fonts\Arial.ttf:fontcolor=ffffff:fontsize=48:x=(w-text_w)*0.5:y=(h-text_h)*0.5.
Applying option c:v (select encoder/decoder ('copy' to copy stream without reencoding)) with argument libx264.
Successfully parsed a group of options.
Opening an output file: C:\Users\ghesa\Desktop\VideoEditor\video-editor\output\output.mp4.
[out#0/mp4 @ 000001b27bc486c0] No explicit maps, mapping streams automatically...
[vost#0:0/libx264 @ 000001b27e03f400] Created video stream from input stream 0:0
[AVFilterGraph @ 000001b27bc53cc0] Setting 'h' to value '0'
[AVFilterGraph @ 000001b27bc53cc0] Setting 'saturation' to value '1'
[AVFilterGraph @ 000001b27bc53cc0] Setting 'contrast' to value '1'
[AVFilterGraph @ 000001b27bc53cc0] Setting 'brightness' to value '0'
[AVFilterGraph @ 000001b27bc53cc0] Setting 'text' to value ''
[AVFilterGraph @ 000001b27bc53cc0] Setting 'fontfile' to value 'C'
[AVFilterGraph @ 000001b27bc53cc0] No option name near 'UsersghesaDesktopVideoEditorvideo-editorfontsArial.ttf:fontcolor=ffffff:fontsize=48:x=(w-text_w)*0.5:y=(h-text_h)*0.5'
[AVFilterGraph @ 000001b27bc53cc0] Error parsing a filter description around: 
[AVFilterGraph @ 000001b27bc53cc0] Error parsing filterchain 'hue=h=0,eq=saturation=1:contrast=1:brightness=0,drawtext=text='':fontfile=C:\Users\ghesa\Desktop\VideoEditor\video-editor\fonts\Arial.ttf:fontcolor=ffffff:fontsize=48:x=(w-text_w)*0.5:y=(h-text_h)*0.5' around: 
Error opening output file C:\Users\ghesa\Desktop\VideoEditor\video-editor\output\output.mp4.
Error opening output files: Invalid argument
[AVIOContext @ 000001b27bc54600] Statistics: 370503 bytes read, 0 seeks
